This is pdfTeX, Version 3.1415926-1.40.10 (TeX Live 2009/Debian) (format=latex 2013.10.28)  29 OCT 2013 11:19
entering extended mode
 %&-line parsing enabled.
**algorithms.tex
(./algorithms.tex
LaTeX2e <2009/09/24>
Babel <v3.8l> and hyphenation patterns for english, usenglishmax, dumylang, noh
yphenation, loaded.
(/usr/share/texmf-texlive/tex/latex/base/article.cls
Document Class: article 2007/10/19 v1.4h Standard LaTeX document class
(/usr/share/texmf-texlive/tex/latex/base/size10.clo
File: size10.clo 2007/10/19 v1.4h Standard LaTeX file (size option)
)
\c@part=\count79
\c@section=\count80
\c@subsection=\count81
\c@subsubsection=\count82
\c@paragraph=\count83
\c@subparagraph=\count84
\c@figure=\count85
\c@table=\count86
\abovecaptionskip=\skip41
\belowcaptionskip=\skip42
\bibindent=\dimen102
)
No file algorithms.aux.
\openout1 = `algorithms.aux'.

LaTeX Font Info:    Checking defaults for OML/cmm/m/it on input line 6.
LaTeX Font Info:    ... okay on input line 6.
LaTeX Font Info:    Checking defaults for T1/cmr/m/n on input line 6.
LaTeX Font Info:    ... okay on input line 6.
LaTeX Font Info:    Checking defaults for OT1/cmr/m/n on input line 6.
LaTeX Font Info:    ... okay on input line 6.
LaTeX Font Info:    Checking defaults for OMS/cmsy/m/n on input line 6.
LaTeX Font Info:    ... okay on input line 6.
LaTeX Font Info:    Checking defaults for OMX/cmex/m/n on input line 6.
LaTeX Font Info:    ... okay on input line 6.
LaTeX Font Info:    Checking defaults for U/cmr/m/n on input line 6.
LaTeX Font Info:    ... okay on input line 6.
LaTeX Font Info:    Try loading font information for OMS+cmr on input line 10.
(/usr/share/texmf-texlive/tex/latex/base/omscmr.fd
File: omscmr.fd 1999/05/25 v2.5h Standard LaTeX font definitions
)
LaTeX Font Info:    Font shape `OMS/cmr/m/n' in size <10> not available
(Font)              Font shape `OMS/cmsy/m/n' tried instead on input line 10.


LaTeX Warning: Citation `weimer2007cofi' on page 1 undefined on input line 12.


LaTeX Warning: Citation `yang2011collaborative' on page 1 undefined on input li
ne 13.


LaTeX Warning: Citation `koren2011ordrec' on page 1 undefined on input line 14.



LaTeX Warning: Citation `liu2008eigenrank' on page 1 undefined on input line 15
.


LaTeX Warning: Citation `liu2009probabilistic' on page 1 undefined on input lin
e 16.


LaTeX Warning: Citation `hu2008collaborative' on page 1 undefined on input line
 20.

No file algorithms.bbl.
[1

] (./algorithms.aux)

LaTeX Warning: There were undefined references.

 ) 
Here is how much of TeX's memory you used:
 224 strings out of 495062
 2545 string characters out of 1182643
 47108 words of memory out of 3000000
 3485 multiletter control sequences out of 15000+50000
 3948 words of font info for 15 fonts, out of 3000000 for 9000
 28 hyphenation exceptions out of 8191
 23i,4n,19p,157b,167s stack positions out of 5000i,500n,10000p,200000b,50000s

Output written on algorithms.dvi (1 page, 752 bytes).
